Subject: Tell Us How You Feel About Walmart and Get Rewarded! $50 Prize
Date: Mon, 13 Nov 2017 13:25:08 -0500
http://sdja.cara-membuat-blog.info/jdkaiduashj
http://ksdjad.cara-membuat-blog.info/njkdioasudhjasd

Subject: Tags And Moles Vanish In Seconds
Date: Mon, 13 Nov 2017 14:09:46 -0500
http://yhf.popunderwebsitetraffic.com/iqefh03-qe3fnro3rn3r3r/wrkjgnwef.htm
http://hsdn.popunderwebsitetraffic.com/kjw24nr023r=edfinpweofjn2wi3r3/wepopHd4T%2FebYz7mssvOJ7wJbXcP3rCxXedaIZyykg51VL%2Bb%2BQjOMbIRWtGAGlPUOIB8hb0i0TCTiGhjuOhIPobNhlA%3D%3DundwrfREGejwfewr.htm

Subject: Big Drone Companies Are Terrified Of This New Drone.
Date: Mon, 13 Nov 2017 14:35:06 -0500
http://jsdnf.dracknews.com/4eu234r-einf/o2q3nr23?wek/fmeor.html
http://jqtt.dracknews.com/42tfi32=e4ofj3rioj32r3/wefj32draJT8r8xjuCZgqN3n0fZ%2BEj0%2FRFR7YZdcGBybro1ZTNy6DpY9FmUfs%2BlRIcYShwjFohmAovr2qj9e2PLpTt47%2BVw%3D%3Dckn24erf32r
http://www.smh.com.au/world/cast-out-rapist-back-in-courts-20120715-2247u.html

Subject: TrumpCare Medicare Replacement - what does it mean to you?
Date: Mon, 13 Nov 2017 15:21:22 -0500
http://ww2.superbridalgown.com/44t43t-4twrigyhw443t4tn4.wou4gn4gnt4.htm
http://axc.superbridalgown.com/krng4w-4n4t4n4+owjrefi4jr32r.pwemfesup7JIg9r9xcTcTPIFsE%2FV0xD75Q3kNfB3YIhUaFRRvz6%2B%2B%2B0Ic1wlAI3q4RR8N0YyTxUa8KyrPexY8Vv9yYT3twQ%3D%3Derb/4rV2O9HypN6342r234

Subject: Stop taking harmful meds to regulate your blood sugar.
Date: Mon, 13 Nov 2017 15:42:04 -0500
http://dhsaj.homedesignideasinspiration.com/hdjasui98d7saytgdh
http://shjd.homedesignideasinspiration.com/bjdisoa98dygsahjdk
http://scottadamsblogs.com/persuasion_reading_list.php
https://www.youtube.com/watch?v=wWgZEo_9lh0)?

Subject: The biggest eye care mistake women make when treating wrinkles.
Date: Mon, 13 Nov 2017 20:44:18 -0700
http://repeat.jojwe.stream/cure-eyewrinkles

Subject: Medicare Recipient: You can ONLY switch to Medigap Now.
Date: Tue, 14 Nov 2017 04:23:49 -0700
http://www.ttiao.bid/9784631/trumpcare/51ed1929cfa2e171330aab1f7a764a60/?dtl1114
http://market.ttiao.bid/mainpic10
http://www.ttiao.bid/11957151/unsub/51ed1929cfa2e171330aab1f7a764a60/
http://market.ttiao.bid/unsubpic20
http://market.ttiao.bid/trace09/?email=mike@flux.utah.edu&sid=delivs

Subject: Woman sheds 42 lbs in 30 days with this simple night-time drink
Date: Tue, 14 Nov 2017 04:19:16 -0800
http://www.healthynatualdietpro.stream/4129-364-396-27129270/mike/tindex92.html
http://www.healthynatualdietpro.stream/4129-364-396-27129270/mike/rindex16.html

Subject: Spy camera looks like a USB wall charger
Date: Tue, 14 Nov 2017 12:11:17 -0500
http://jhdais.ecstaseakarokemusic.com/jkdsai90dai
http://sdj.ecstaseakarokemusic.com/jdisa0d9aisu

Subject: Your Kohls cash is expiring, redeem today
Date: Tue, 14 Nov 2017 13:24:04 -0500
http://jsuh.everythingandanythingblog.com/kjda8d7uasydh
http://jhduas.everythingandanythingblog.com/hjias8da7dua

Subject: Shark Tank judges swoon over new way to fall asleep
Date: Tue, 14 Nov 2017 13:41:22 -0500
http://hsdu.longbeachclothingco.com/hsaudsd87aydtahdja
http://sandi.longbeachclothingco.com/hasandiajid98sau

Subject: DO YOU NEED LOAN/FINANCE OFFERED AT 2% INTEREST RATE?
Date: Tue, 14 Nov 2017 11:47:11 +0530
https://www.coutts.com

Subject: This could be the reason you don't feel like yourself
Date: Tue, 14 Nov 2017 14:48:43 -0500
http://www.cafecpe.com/cafaTUgJg8qWJWLsdRNVe7wc4SULuG%2B0z%2FeW9psfmBjGbZ2F3WO6CHy3uAJJhJuLW06rtmWb74ThlyiiwySsA2Zhg%3D%3Decp/low/735538/
http://olk.cafecpe.com/abc/cafaTUgJg8qWJWLsdRNVe7wc4SULuG%2B0z%2FeW9psfmBjGbZ2F3WO6CHy3uAJJhJuLW06rtmWb74ThlyiiwySsA2Zhg%3D%3Decp
http://lik.cafecpe.com/ntf/zTGCuwl/

Subject: Make Sure You're Covered for 2018
Date: Tue, 14 Nov 2017 15:49:03 -0500
http://sd.canadasgotcolour.com/98dsaudhjaskdlsadi/jkds8duhjas
http://jxh.canadasgotcolour.com/hsjdui8syduhajs/dnjsiudsa

Subject: FREE Medicare Supplement Quotes ? 2018 Plan Changes
Date: Tue, 14 Nov 2017 15:53:16 -0500
http://jhdsa.beautyrushbyraquel.com/ghaudi98sdua/dhsad90as8du
http://hdsa.beautyrushbyraquel.com/ghdias9d8asuyd/jhdiosa9da8u

Subject: Do you need a vehicle that can tow your toys? Search SUV Deals Today.
Date: Tue, 14 Nov 2017 14:04:30 -0700
http://forest.upzrf.stream/luxurioscars

Subject: INVESTMENT DEAL
Date: Tue, 14 Nov 2017 00:54:43 -0800
http://eng.ibk.co.kr/lang/en/index.jsp

Subject: Love knows no age. Viagra helps to feel it.
Date: Wed, 15 Nov 2017 07:51:41 -0200
http://www.w3.org/TR/xhtml1/DTD/xhtml1-transitional.dtd
http://www.w3.org/1999/xhtml
urn:schemas-microsoft-com:vml
urn:schemas-microsoft-com:office:office
http://bit.ly/2vSUl3I
http://bit.ly/2gClAtj
http://bit.ly/2zNmBXN
https://lh3.googleusercontent.com/-q2pFJue9Lio/WZXf-7vfQyI/AAAAAAAAAK8/FuQQOvfqla03aSVGdAQxC-El65YxY61-ACHMYCw/s0/06250.jpg
https://aws.amazon.com/

Subject: Unusual Generator For Off-Grid Electricity Never Needs Fuel
Date: Wed, 15 Nov 2017 03:29:57 -0800
http://www.getsliim.us/2921-83-1329-3151739/mike/tindex11.html
http://www.getsliim.us/2921-83-1329-3151739/mike/tindex12.html

Subject: What kinds of Alcohol Recovery Facilities Exist? Search Now.
Date: Wed, 15 Nov 2017 06:51:20 -0700
http://wait.pccst.bid/alcohol-rehab
http://wait.pccst.bid/img/mBII15c.jpg
http://wait.pccst.bid/pause
http://wait.pccst.bid/img/RoJBYTj.jpg
http://pigeon.rzzzl.stream/trace67/?email=mike@flux.utah.edu&sid=delivs

Subject: The Highest Grade Meds And EXTRA LOW Price
Date: Wed, 15 Nov 2017 20:01:32 +0500
http://xlzqchhp&#12290;curingremedymart&#12290;ru/?cid=

Subject: Medicine Shop 100% Pure Pharmacy.
Date: Wed, 15 Nov 2017 23:26:32 +0700
http://xlzqchhp&#12290;curingbestmart&#12290;ru/?cid=3Dgio=

Subject: Want to be part of a company printing a human heart for transplant?
Date: Wed, 15 Nov 2017 11:36:04 -0500
http://future.bmorethreadquarters.com/4BVbmoVd5OAOb4k%2BT4srnam%2FOQGf%2B0u1LWnq6MLtaJwYk2BK0hzFp%2FMPvuYaJfc8L089895kHyNVx8y9W8r8CYZOvV3w%3D%3Dret9hun
http://symee9.bmorethreadquarters.com/nibbmoVd5OAOb4k%2BT4srnam%2FOQGf%2B0u1LWnq6MLtaJwYk2BK0hzFp%2FMPvuYaJfc8L089895kHyNVx8y9W8r8CYZOvV3w%3D%3Dretei2l

Subject: Viagra Soft. For as long as you wish!
Date: Wed, 15 Nov 2017 15:35:52 -0100
http://www.w3.org/TR/xhtml1/DTD/xhtml1-transitional.dtd
http://www.w3.org/1999/xhtml
urn:schemas-microsoft-com:vml
urn:schemas-microsoft-com:office:office
http://bit.ly/2wVRdYw
http://bit.ly/2gAp53p
http://bit.ly/2i41mcj
https://lh3.googleusercontent.com/-C2uy300VoSw/WZXf-JHwQqI/AAAAAAAAAK0/RZyrl5OwYg0H22AQltvPzSAPFJ9cmZ3fwCHMYCw/s0/06249.jpg
https://aws.amazon.com/

Subject: You could start a business with this
Date: Wed, 15 Nov 2017 11:53:12 -0500
http://das.ourchurchisactive.com/8yourcV1sPOe6y7kNRf774Hjs%2B8G7ctR47%2BzKObPyG9VHWxU9hXXQxq%2FwWzckD%2B4LHyaschuoabp
http://xvw.ourchurchisactive.com/Dzz/ourcV1sPOe6y7kNRf774Hjs%2B8G7ctR47%2BzKObPyG9VHWxU9hXXQxq%2FwWzckD%2B4LHyaschus0

Subject: The Shark Tank contestant that wow'd the judges
Date: Wed, 15 Nov 2017 12:12:37 -0500
http://suff.anisablue.com/d3apaniWtruUMldsb5GsVlCz8oDolThXItWGge%2BtrEiU3cEKh2d%2BuyQ2Kol5fwYAGWsWUm3sabg8plai
http://sti.anisablue.com/ZhRO/aniWtruUMldsb5GsVlCz8oDolThXItWGge%2BtrEiU3cEKh2d%2BuyQ2Kol5fwYAGWsWUm3sabfwil5lm

Subject: The biggest healthcare career of next year
Date: Wed, 15 Nov 2017 13:07:46 -0500
http://bui.dnzgraphics.com/ZMtdaskdnziDiblvVDv7PIB4rRrG9CXf1NRcHIRE4q5KmBxJfvp59qfBUpyelePrJzoWFV2tKOgra4
http://pow.dnzgraphics.com/8ibdnziDiblvVDv7PIB4rRrG9CXf1NRcHIRE4q5KmBxJfvp59qfBUpyelePrJzoWFV2tKOgras32jnn5

Subject: Great income from home in medical billing.
Date: Wed, 15 Nov 2017 13:58:14 -0500
http://www.bls.gov/oes/current/oes292071.htm
http://ybnb.blackandwhitescookies.com/40fj4234f4/iwrgnvblaeQWHpUiu%2FdWWxEzKnapwh5jvAulYjzY4MNVtgmcz1tdRzh%2BTGr9DYW%2FU7eub5zf8Rdtn79xtuofSw%2FYzT43qkg%3D%3Dckawr243/rginvj04g342j0.htmlSearch
http://ybnb.blackandwhitescookies.com/40fj4234f4/iwrgnvblaeQWHpUiu%2FdWWxEzKnapwh5jvAulYjzY4MNVtgmcz1tdRzh%2BTGr9DYW%2FU7eub5zf8Rdtn79xtuofSw%2FYzT43qkg%3D%3Dckawr243/rginvj04g342j0.html
http://uj.blackandwhitescookies.com/nfjro233efgf34-ngfo43t342t32_nfo3r23r323

Subject: Get a $50 Walmart Gift Card!
Date: Wed, 15 Nov 2017 14:19:04 -0500
http://hjdia.plankbookedu.com/hsiad89uasydh
http://hrbs.plankbookedu.com/njksiod987duyash
http://jdiu.plankbookedu.com/njko90d8as7uydhjask
http://eh.plankbookedu.com/jaiod98as7uydhjaskdio
http://ig.plankbookedu.com/n09ds87uydhjasoid
http://hvnb.plankbookedu.com/jko98d7auyshdgasbnd
http://jrn.plankbookedu.com/oid987uysahjdkals
http://jsd.plankbookedu.com/bjid09sa8duyahjsdna
http://hyuvr.plankbookedu.com/njkiod90a8duysahjd
http://mrd.plankbookedu.com/jhdi897asdyuhgsad
http://hdsj.plankbookedu.com/bajsdio98d7uyashd
http://sjdha.plankbookedu.com/bnjdhi98d7asuydh
http://jhsa.plankbookedu.com/jhids98a7dyuash

Subject: 3D Printing human organs
Date: Wed, 15 Nov 2017 14:37:49 -0500
http://lif.cakedoodles.com/fybhncakKO1Cf%2FG5AKmZSK1CkztlGmxkKu4aXZFRKaK0YJJoQvsoBVb5PGuIVzoDKNPX67qxZYPKwhT9mTQBAPXzJcdc9Q%3D%3Dedomak9
http://ski.cakedoodles.com/lia9cakKO1Cf%2FG5AKmZSK1CkztlGmxkKu4aXZFRKaK0YJJoQvsoBVb5PGuIVzoDKNPX67qxZYPKwhT9mTQBAPXzJcdc9Q%3D%3Dedokj/

Subject: Important Announcement: Your 2017 Medicare Plan Expires Soon.
Date: Wed, 15 Nov 2017 13:25:01 -0700
http://www.yellod.stream/7136601/trumpcare/51ed1929cfa2e171330aab1f7a764a60/?surf1115
http://cost.yellod.stream/image73
http://www.yellod.stream/19251078/unsub/51ed1929cfa2e171330aab1f7a764a60/
http://cost.yellod.stream/unsubpic35
http://cost.yellod.stream/pixel34/?email=mike@flux.utah.edu&sid=delivs

Subject: Your preloaded Target gift card is waiting
Date: Wed, 15 Nov 2017 15:37:41 -0500
http://isd.designsbycambria.com/908udiahsjdasi9d0a
http://isd.designsbycambria.com/908udiahsjdasi9d0ahttp://isd.designsbycambria.com/908udiahsjdasi9d0ahttp://isd.designsbycambria.com/908udiahsjdasi9d0ahttp://isd.designsbycambria.com/908udiahsjdasi9d0ahttp://isd.designsbycambria.com/908udiahsjdasi9d0a
http://rkg.designsbycambria.com/hids90f8udisj

Subject: Big Pharma sleep aids can be dangerous
Date: Wed, 15 Nov 2017 16:44:17 -0500
http://hsu.jflofashion.com/hui9s8d7uydsa
http://oej.jflofashion.com/hjui89sd7uysdhjada

Subject: Have a Mole or Skin Tag You Want GONE?
Date: Wed, 15 Nov 2017 16:58:33 -0500
http://hsdy.rahulgraphics.com/bjhiosa90d87uysdhaj
http://kdf.rahulgraphics.com/jisdoa908dsuaydj
https://www.mariowiki.com/Bink
https://youtu.be/gCtSgb-b7zg

Subject: Mike, starting today at Kohl's Black Friday
Date: Wed, 15 Nov 2017 17:30:26 -0500
http://www.bizsupportadmail.com/kohls/str/3054-bizhIXaE3IiB9DaMQuV5JLxBj6kDtQwH9Pbyu2%2F6KrpkzXGaGuRbMQrfwlPjizwqfqbB2iLZkQK5sg9K%2BoiZOrWcw%3D%3Dsup/
http://www.bizsupportadmail.com/kohls/str/3054-bizhIXaE3IiB9DaMQuV5JLxBj6kDtQwH9Pbyu2%2F6KrpkzXGaGuRbMQrfwlPjizwqfqbB2iLZkQK5sg9K%2BoiZOrWcw%3D%3Dsup/dgdq
http://www.bizsupportadmail.com/kohls/str/3054-bizhIXaE3IiB9DaMQuV5JLxBj6kDtQwH9Pbyu2%2F6KrpkzXGaGuRbMQrfwlPjizwqfqbB2iLZkQK5sg9K%2BoiZOrWcw%3D%3Dsup/q452
http://koh.bizsupportadmail.com/cdn/

Subject: This is the proper way to remove skin tags
Date: Wed, 15 Nov 2017 17:42:50 -0500
http://www.famillecollect.com/rt/helm-3112715756/
http://content.famillecollect.com/cdn/p/index/ahhwN/

Subject: Open enrollment started / Deadline is Dec 15
Date: Wed, 15 Nov 2017 17:57:25 -0500
http://www.miguelgamesrp.com/package/migk6ulvmNFF36%2BBnDxUyrQf7o9vW8gkwTz8wsLoP2RPuK3J%2BAJoYtQmP5i1j1ust2QmZtHRIatFxJcyJ7ty7MKzQ%3D%3Duel/tru-46574.jsp
http://services.miguelgamesrp.com/pkg/migk6ulvmNFF36%2BBnDxUyrQf7o9vW8gkwTz8wsLoP2RPuK3J%2BAJoYtQmP5i1j1ust2QmZtHRIatFxJcyJ7ty7MKzQ%3D%3Duel-7319.jsp
http://ser.miguelgamesrp.com/index.html

Subject: Your home could go for twice what you paid
Date: Wed, 15 Nov 2017 18:15:19 -0500
http://www.lspdiscover.com/v/home/area-179947/
http://e.lspdiscover.com/

Subject: You can qualify to get a $50 Amazon gift card!
Date: Wed, 15 Nov 2017 18:26:57 -0500
http://wwh.fabricnfriends.com/kng34t34a2c8dVDSof/rf4r443rrso7YadzlLI.html
http://ni.fabricnfriends.com/gu429g49ftefgvKTKON7p0fab3psZ2%2FM4Z3d6rcYqsZDoCntqy8AWll98jQSfWeLWzuma0V5IL%2B3qbRl60r1Mp4yStVDg0R9Gpk3DAtibenJJ5w%3D%3DricefoakARiN5II.htm

Subject: DO YOU NEED LOAN/FINANCE OFFERED AT 2% INTEREST RATE?
Date: Wed, 15 Nov 2017 06:31:45 +0530
https://www.coutts.com

Subject: PC Advisor: Nothing else like it, USB Charging Backpack. Early Black Friday Special.
Date: Wed, 15 Nov 2017 21:42:55 -0700
http://blanket.doblei.bid/nomad-backpack

Subject: Imagine how you would have felt if Santa wrote you a personal letter.
Date: Thu, 16 Nov 2017 07:35:45 -0700
http://natural.lezoog.trade/img/rfSPTup.png
http://natural.lezoog.trade/santas-personalletter
http://natural.lezoog.trade/modify
http://natural.lezoog.trade/img/RoJBYTj.jpg
http://tidy.kheap.stream/track98/?email=mike@flux.utah.edu&sid=delivs

Subject: I used this today....made 200 bucks.
Date: Thu, 16 Nov 2017 06:54:30 -0800
http://www.hlthupdt.bid/2942-92-1338-3151739/mike/tindex7.html
http://www.hlthupdt.bid/2942-92-1338-3151739/mike/rindex8.html

Subject: Want to know when you can buy in?
Date: Thu, 16 Nov 2017 10:56:41 -0500
http://yprint3D.arkansasfansite.com/ALL-FR/HEA/HRT/84703349JdOlleel/4c6w3QWmeTJr18c538arkw187HKdwP93L78Xr%2F4o5uqbN4MnFxhKSYYd3wx6vPquhv5IwI%2BIo547X247ydwC7YpQCDMEV1sbWcNN4iqOuqQ%3D%3Dansqar4R2vX31GTcn9r9t-BI-DPRINT/DDW/1903734236354577902W-viYxuWyGEcFq5LUCATl?=9248.asp
http://imbr98fer8kll0jjak.arkansasfansite.com/Sca9643818658473772241rr6viYxuWyGEcFq5LUCATl99fDDD/aLas00000Uz5zglfi/p3734/

Subject: You need a real job
Date: Thu, 16 Nov 2017 11:07:28 -0500
http://nim.twinbeeprintadscorp.com/90twifNBXVLGKL34FQJHXiokbd%2FLQadArQnNrkoyujNRR7yXscis5LjQXRe9ZhC0S%2FpZ%2Fnbeenic8c
http://cha.twinbeeprintadscorp.com/faspotwifNBXVLGKL34FQJHXiokbd%2FLQadArQnNrkoyujNRR7yXscis5LjQXRe9ZhC0S%2FpZ%2Fnbe7na1

Subject: Assistance for Seniors Confused about TrumpCare. (See Details)
Date: Thu, 16 Nov 2017 09:04:18 -0700
http://www.tonnau.trade/7946944/trumpcare/51ed1929cfa2e171330aab1f7a764a60/?bbw1116
http://routine.tonnau.trade/main78
http://www.tonnau.trade/23003659/unsub/51ed1929cfa2e171330aab1f7a764a60/
http://routine.tonnau.trade/unsubimg
http://routine.tonnau.trade/trace45/?email=mike@flux.utah.edu&sid=delivs

Subject: You could be living in your fortune
Date: Thu, 16 Nov 2017 11:15:52 -0500
http://mas.heeffjones.com/fimheemW3dtEt7fOSVSMiy9TRSJtg47aNXhb4JfWsTwV9yjsRl5IGRIZCeBfHSEOOD%2BE7jffjper9a
http://per.heeffjones.com/r0m4heemW3dtEt7fOSVSMiy9TRSJtg47aNXhb4JfWsTwV9yjsRl5IGRIZCeBfHSEOOD%2BE7jffjgoi

Subject: Your $55k salary is waiting
Date: Thu, 16 Nov 2017 11:22:55 -0500
http://cad.marsgraphicservices.com/hacmarad%2BUpZbg1DH0FW5E3SaJ1Z%2FFvZi6HSMGpEFAObLp0IAXTUSYzQAaj8qy9Sh75KrQsgrel/vena89
http://pak.marsgraphicservices.com/jMF8marad%2BUpZbg1DH0FW5E3SaJ1Z%2FFvZi6HSMGpEFAObLp0IAXTUSYzQAaj8qy9Sh75KrQsgrlatz9

Subject: Don't get taken. Catch them on camera
Date: Thu, 16 Nov 2017 11:29:54 -0500
http://rp4.strangefruitofficial.com/b0SA26str7p6NNly%2BHpRAuXmb8SQe8aMrQFEfh%2FSeV4%2Fv8%2BDmdBXTzzjz1iFc6vBvjdsOUZYeangex/
http://cay.strangefruitofficial.com/esta9str7p6NNly%2BHpRAuXmb8SQe8aMrQFEfh%2FSeV4%2Fv8%2BDmdBXTzzjz1iFc6vBvjdsOUZYeangpoulti

Subject: The company that is printing human hearts
Date: Thu, 16 Nov 2017 11:52:48 -0500
http://kma.brandongagon.com/sb90onbra0x5EExnZ5SW9cNtcCzE8JS4vEl%2BB0dK44UjK4I%2FeK%2FE9gBdJEcjyCYdRv8UtQmSJ6l8Mk5Co3mgr7JxLuDaS7Q%3D%3Dndoa8
http://kma.brandongagon.com/sb90onbra0x5EExnZ5SW9cNtcCzE8JS4vEl%2BB0dK44UjK4I%2FeK%2FE9gBdJEcjyCYdRv8UtQmSJ6l8Mk5Co3mgr7JxLuDaS7Q%3D%3Dndoa8http://das.brandongagon.com/aembra0x5EExnZ5SW9cNtcCzE8JS4vEl%2BB0dK44UjK4I%2FeK%2FE9gBdJEcjyCYdRv8UtQmSJ6l8Mk5Co3mgr7JxLuDaS7Q%3D%3Dndoka8s6Mike

Subject: Hiding behind the bottle...
Date: Thu, 16 Nov 2017 12:05:39 -0500
http://fghs.americangreetingsw.com/jhi8sd7uyah
http://hjfd.americangreetingsw.com/njkdios9f8auhj

Subject: Think you can't afford to fly in a private jet? Think again.
Date: Thu, 16 Nov 2017 12:13:26 -0500
http://www.tsa.gov/stakeholders/secure-flight-program
http://pri.guiartricks.com/24goni44g-4ogn4h03/424gnb.reoja4gu24h.html
http://usje.guiartricks.com/g42u94-ifhg40423gt3guiSxb1%2BC4fpfawTJjJxaLrsup0sooPJDML4UW15%2BuAod4Ik%2B1QrtYlQ3FT8V7FLkGESYeK30TQG8h6HIkylYNYrA%3D%3Dart49ug2ht24.rngkon44.htm

Subject: Open Enrollment for TrumpCare Medicare is here! Now is the time to change your plan.
Date: Thu, 16 Nov 2017 12:21:44 -0500
http://uhbv.interracialpeopledating.com/ngwjk43o43-rgnjo4n3gto24t4/wrg4no43.html
http://qyh.interracialpeopledating.com/wu4ht4lint1zpRhddIVuSIAQ3vFlu34LIK3xIg21CzPYWmcMgu2bMbrRIZE73gZmANFcE3p9q6PkUMWPwVb0Pc9Hlo0m4rUA%3D%3Derr2t423-4tu4hfow4fg.htm
http://www.dailytexanonline.com/2016/07/30/experts-still-disagree-on-role-of-tower-shooters-bra
https://www.fastcompany.com/40483261/in-a-post-weinstein-world-louis-cks-movie-is-a-total-dis

Subject: We will let you know when you can buy in
Date: Thu, 16 Nov 2017 12:30:30 -0500
http://n2b.mandarinfruits.com/firHn/mansHn2dY9mtC5sPHPUAtnP0x7W9xJ1Pd0H0wixVfZXJAXMALRDTOVt%2FW%2BJAtBfexbqvWNUyC%2ByBOHYeSDM2oIiJw%3D%3Ddarl
http://ymm.mandarinfruits.com/vsmansHn2dY9mtC5sPHPUAtnP0x7W9xJ1Pd0H0wixVfZXJAXMALRDTOVt%2FW%2BJAtBfexbqvWNUyC%2ByBOHYeSDM2oIiJw%3D%3Ddarint3e/

Subject: Save on Future Repair Bills
Date: Thu, 16 Nov 2017 12:36:24 -0500
http://fjdshf.coffeeretreiver.com/jhdsaudi8as7dsyaghCLICKHERE
http://sdbhja.coffeeretreiver.com/bhuid8as7dyasgh

Subject: Look at this topical solution to skin tags
Date: Thu, 16 Nov 2017 12:54:32 -0500
http://uni.footballlocs.com/jagfoo%2F33HF33EFCEsk7ZN5ehtznflRMCPId2dxE%2FfQ8NrZXPCa24LHsbJ6K10kZZQOrr8tbaAB1F
http://uni.footballlocs.com/jagfoo%2F33HF33EFCEsk7ZN5ehtznflRMCPId2dxE%2FfQ8NrZXPCa24LHsbJ6K10kZZQOrr8tbaAB1FSkin
http://orn.footballlocs.com/g74hfoo%2F33HF33EFCEsk7ZN5ehtznflRMCPId2dxE%2FfQ8NrZXPCa24LHsbJ6K10kZZQOrr8tba01k

Subject: Did you require multiple surgeries to repair a hernia?
Date: Thu, 16 Nov 2017 13:33:07 -0500
http://ijads.bbigstockphoto.com/
http://hds.bbigstockphoto.com/

Subject: Seeking Compensation for IVC Blood Filter Damage?
Date: Thu, 16 Nov 2017 13:46:04 -0500
http://sd.everythingponies.com/
http://uds.everythingponies.com/

Subject: Get smarter overnight by taking this?...
Date: Thu, 16 Nov 2017 13:53:36 -0500
http://uyrn.christopherhenleylimited.com/hsuid897sudyah
http://dhjas.christopherhenleylimited.com/hduas8duyashj
http://jrc.christopherhenleylimited.com/98sdiuhjsadgty7d8sa
http://krd.christopherhenleylimited.com/hgud8s9ad7uyasd
http://grvd.christopherhenleylimited.com/90d8sauydhsadgfaty
http://hsda.christopherhenleylimited.com/hvdus8ad76astuydga
http://dhsa.christopherhenleylimited.com/hjuidsa87duyashd

Subject: KOHLS bucks for November (str.064)
Date: Thu, 16 Nov 2017 13:59:29 -0500
http://sajdh.brooklynbrewsop.com/hsd98dsuayhdj
http://jhd.brooklynbrewsop.com/hisd9a8d7uysah
http://shad.brooklynbrewsop.com/huids9a8d7yuashdg

Subject: Don't miss out on your Amazon bouns-card
Date: Thu, 16 Nov 2017 14:44:47 -0500
http://www.zoyugames.com/cd/p0t8czoyVbKG3pV0OSdXI5LA0kam63vD5RV6c%2BwWxSg7RdTwCZD%2FyA6jxouPO6a8AljDUf8kQPOpNtiP3h%2F23%2Bt4Nppjsg%3D%3Duga/index.html
http://exg.zoyugames.com/

Subject: It's the first time all Shark Tank Judges empower this woman's product
Date: Thu, 16 Nov 2017 15:04:37 -0500
http://www.mathsnetalvel.com/rt/shark-tank-judges/story/ZZDdEt.html
http://w1.mathsnetalvel.com/shark-tank-judges/2017/vjVI.html
http://w2.mathsnetalvel.com/
http://registrar.berkeley.edu/sites/default/files/pdf/UCB_AcademicCalendar_2017-18_V3.pdf

Subject: We're going to 3D print a human heart for transplant
Date: Thu, 16 Nov 2017 15:59:32 -0500
http://n2b.cafepode.com/fiA6t/cafwN4BqUe0sJ4SMtu%2B77Z7sYOovTo5qfgwcSEjK2U9g4itHdFNaOh6e4eBpBh8pD%2FwR5%2BmhPlCg9TMYUdiX74FZw%3D%3Depol
https://www.youtube.com/watch?v=R1NqMBnf8ms
http://ymm.cafepode.com/vscafwN4BqUe0sJ4SMtu%2B77Z7sYOovTo5qfgwcSEjK2U9g4itHdFNaOh6e4eBpBh8pD%2FwR5%2BmhPlCg9TMYUdiX74FZw%3D%3Depoint3e/

Subject: You need a real job
Date: Thu, 16 Nov 2017 17:00:29 -0500
http://nim.kirstinbimsonphoto.com/90kir40S%2Bc36dIDlfgkVnNj5lH9IYoNtKtt79eDg8lmG%2FZd6Dw4vme6n%2BFY2%2BQYISY2Igstienic8c
http://cha.kirstinbimsonphoto.com/faspokir40S%2Bc36dIDlfgkVnNj5lH9IYoNtKtt79eDg8lmG%2FZd6Dw4vme6n%2BFY2%2BQYISY2Igsti7na1

Subject: Be an American professional with an MBA
Date: Thu, 16 Nov 2017 17:10:37 -0500
http://cad.mukwiseblog.com/hacmukbyM99RTSdNPNqHocS0P6ANXu9dvOZygDN6AhFJCtnR6wLWAZoovzwU8SK44A3Io5wisel/vena89
http://pak.mukwiseblog.com/HhdAmukbyM99RTSdNPNqHocS0P6ANXu9dvOZygDN6AhFJCtnR6wLWAZoovzwU8SK44A3Io5wislatz9

Subject: Get a real career as a nurse
Date: Thu, 16 Nov 2017 17:27:33 -0500
http://lon.forsythiadesign.com/dr3adfora3uVL92GAu55BiuQvIL3w09sIDjHGneI2h5U8oGg43%2Fj03fAOxre0PoNgHtXVfNBsyttian
http://sig.forsythiadesign.com/8MUfora3uVL92GAu55BiuQvIL3w09sIDjHGneI2h5U8oGg43%2Fj03fAOxre0PoNgHtXVfNBsytbey29

Subject: Compare top roofing companies
Date: Thu, 16 Nov 2017 18:14:55 -0500
http://jhsda.bestnewsofthedayforyou.com/hgdsa87d6asythttp://sday.bestnewsofthedayforyou.com/gdas8das76dt

Subject: Pre-loaded Kohls bucks for Black-Friday
Date: Thu, 16 Nov 2017 18:37:15 -0500
http://sajdh.brianfrickin.com/hsd98dsuayhdj
http://jhd.brianfrickin.com/hisd9a8d7uysah
http://shad.brianfrickin.com/huids9a8d7yuashdg

Subject: The closest thing to flying a REAL plane!
Date: Fri, 17 Nov 2017 04:43:00 -0800
http://www.jetsmartplus.stream/3001-198-216-52665325/mike/tindex8.html
http://www.jetsmartplus.stream/3001-198-216-52665325/mike/rindex13.html

Subject: You can get in on the first company to print a human heart
Date: Fri, 17 Nov 2017 10:46:41 -0500
http://fam.homeproperti.com/pet2olda/9nthomsSy3vYKQNNd%2FSoorQJZS84%2FKvYYWhZ%2B3wnOsekz49XUMJsqIxHl52y77gD%2ByCvRJYr2sdW8H9Yi20AaZZVXvFA%3D%3Deprlim
http://iso.homeproperti.com/oldNSWdehomsSy3vYKQNNd%2FSoorQJZS84%2FKvYYWhZ%2B3wnOsekz49XUMJsqIxHl52y77gD%2ByCvRJYr2sdW8H9Yi20AaZZVXvFA%3D%3Deprhs/

Subject: Healthcare is changing and hundreds of entry-level positions are open
Date: Fri, 17 Nov 2017 11:26:31 -0500
http://oka.caseinterviewmaths.com/yarcasvyhhEkn80g5p9NetNEw3pGw%2FYQbOSqfPwnltH8fTP3OVc7zCTCO%2FBlBYzVQE%2Bq7UEVjtgdXA2wRqn4bJ9%2BrSHA%3D%3Deinnstr1n
http://balm.caseinterviewmaths.com/s8n2casvyhhEkn80g5p9NetNEw3pGw%2FYQbOSqfPwnltH8fTP3OVc7zCTCO%2FBlBYzVQE%2Bq7UEVjtgdXA2wRqn4bJ9%2BrSHA%3D%3Deingeant

Subject: Get some of this company while you still can
Date: Fri, 17 Nov 2017 11:37:14 -0500
http://ihma.baixarfunktop.com/anbbairClYUo0DUBUiNEHXPnkS7Yc4Q0xgZuVuyvtj9Iw0Hzlnx81XEUtVzGM%2B1iJESTG44qnsNhaPml3EWTPbUpY3Ig%3D%3Dxar4m3raBIOLIFE4D
http://danc.baixarfunktop.com/iA2/bairClYUo0DUBUiNEHXPnkS7Yc4Q0xgZuVuyvtj9Iw0Hzlnx81XEUtVzGM%2B1iJESTG44qnsNhaPml3EWTPbUpY3Ig%3D%3Dxarr

Subject: Tags And Moles Vanish In Seconds
Date: Fri, 17 Nov 2017 14:16:31 -0500
http://iuasdk.supportingbbvaclientei.com/jdia0s9d8uiasdjk
http://jndasn.supportingbbvaclientei.com/jid9a8udiajd

Subject: Open medical coder positions
Date: Fri, 17 Nov 2017 15:32:47 -0500
http://czccz.landkeepersllc.com/43rdsfew
mailto:mike@flux.utah.edu
http://dsft.landkeepersllc.com/fsg65rfsdf
https://higherlogicdownload.s3.amazonaws.com/RMAHQ/54c6c8b4-dcce-4b8e-8083-c2a63111dcc6

Subject: Mike unlock Kohl's cash for November before it expires.
Date: Fri, 17 Nov 2017 15:51:06 -0500
http://www.chicagolivesheathy.com/koh/pr/to/YcQbyZlA51r0l/
http://www.chicagolivesheathy.com/koh/pr/to/YcQbyZlA51r0l/image/
http://m.chicagolivesheathy.com/mobile/

Subject: Got time for a survey? Earn $50
Date: Fri, 17 Nov 2017 18:38:55 -0500
http://fax.heritageautologan.com/h0pher5OkOcvvkRaYuevORZrXC9nzjW1PTmBNh4w0oag8b%2FdfW6ykm1BAiF%2F%2F8yt%2F3aljRitas1n
http://ntf.heritageautologan.com/tfher5OkOcvvkRaYuevORZrXC9nzjW1PTmBNh4w0oag8b%2FdfW6ykm1BAiF%2F%2F8yt%2F3aljRita/wbth47a8/

Subject: 100% Flight freedom and weather control
Date: Sun, 19 Nov 2017 01:26:53 -0800
http://www.proflihtsim.bid/2982-96-1353-3151739/mike/tindex6.html
http://www.proflihtsim.bid/2982-96-1353-3151739/mike/tindex7.html
http://www.proflihtsim.bid/2982-96-1353-3151739/mike/tindex8.html
http://www.proflihtsim.bid/2982-96-1353-3151739/mike/tindex9.html

Subject: The art to impress. VPXL.
Date: Sun, 19 Nov 2017 17:03:03 +0200
http://www.w3.org/TR/xhtml1/DTD/xhtml1-transitional.dtd
http://www.w3.org/1999/xhtml
urn:schemas-microsoft-com:vml
urn:schemas-microsoft-com:office:office
http://bit.ly/2y3434J
http://bit.ly/2zBq6zx
http://bit.ly/2i1KLWv
https://lh3.googleusercontent.com/-z_popphXn9I/WZXiV-O-IhI/AAAAAAAAAfQ/Z3K-8tXG5_EmecJHM1DeoDxmvFYqo9EKgCHMYCw/s0/06543.jpg
https://aws.amazon.com/

Subject: We're going to 3D print a human heart for transplant
Date: Sun, 19 Nov 2017 11:48:08 -0500
http://ihma.bethanyblairphotography.com/anbbetjVrCVoACRrcfuAlgYEQ%2FwqQzEru%2Fv895ZxN04cer8JgKTOlB5ZpLXH2yp43IuZ013szRRqejtvkfk7PzHXgmPw%3D%3Dhan4m3raBIOLIFE4D
http://danc.bethanyblairphotography.com/m4n2/betjVrCVoACRrcfuAlgYEQ%2FwqQzEru%2Fv895ZxN04cer8JgKTOlB5ZpLXH2yp43IuZ013szRRqejtvkfk7PzHXgmPw%3D%3Dhanr

Subject: Learn about the company that will defy logic
Date: Sun, 19 Nov 2017 14:42:33 -0500
http://lif.cusomguide.com/fybhncus2Ogs5Roh3XabJzxa%2B2FbDU8iX2mCLQqpFMUcwmFUD7vZ89tD9IeDOi0%2BWtexyu9IBqhVFWVxeh%2B9PKlKsPwmoA%3D%3Domgmak9
http://ski.cusomguide.com/lia9cus2Ogs5Roh3XabJzxa%2B2FbDU8iX2mCLQqpFMUcwmFUD7vZ89tD9IeDOi0%2BWtexyu9IBqhVFWVxeh%2B9PKlKsPwmoA%3D%3Domgkj/

Subject: Learn about the company that will defy logic
Date: Sun, 19 Nov 2017 18:33:38 -0500
http://lif.nathanporterlibrary.org/fybhnnatKHE6ZCJGhQXFTX2TRJoilwnzPnrtRYsRPWfKJnfxsqkKg6HOILghJQRm7ZT%2B5UFY5xxrVTFQonFkD%2FS9Gg8vXg%3D%3Dhanmak9
http://ski.nathanporterlibrary.org/lia9natKHE6ZCJGhQXFTX2TRJoilwnzPnrtRYsRPWfKJnfxsqkKg6HOILghJQRm7ZT%2B5UFY5xxrVTFQonFkD%2FS9Gg8vXg%3D%3Dhankj/

Subject: The company that will 3D print the first human heart
Date: Sun, 19 Nov 2017 20:02:25 -0500
http://ihma.makemoneyguides.com/anbmak0HJ5SiN6HICVo0NZMrmGlOMzCJxYLNyAGDwVVzHTu1a74NBaiNjsVw6cE0FUZn%2FiTtXWCu2RVK4OvJYesNhhdg%3D%3Demo4m3raBIOLIFE4D
http://danc.makemoneyguides.com/DeD/mak0HJ5SiN6HICVo0NZMrmGlOMzCJxYLNyAGDwVVzHTu1a74NBaiNjsVw6cE0FUZn%2FiTtXWCu2RVK4OvJYesNhhdg%3D%3Demor

Subject: Diet of THIS Indigenous Population Shown to Restore 20/20 Vision in Days
Date: Mon, 20 Nov 2017 02:27:05 -0800
http://www.visioneyedrop.cricket/4210-357-405-27129270/mike/tindex37.html
http://www.visioneyedrop.cricket/4210-357-405-27129270/mike/rindex17.html

Subject: Put those scissors down. Never clip skin tags
Date: Mon, 20 Nov 2017 10:31:27 -0500
http://wei.newyorklawyerreviews.com/alr2olnewCGB7Is3H%2FB8VegqUJ79sUFanD6BmpEIQY65Xfy99f5WbPuapl6d3O9ZHmNS13L%2F0TLo7VEgn3daJxAFY9%2FW%2BFg%3D%3Dyorbu
http://ris.newyorklawyerreviews.com/agnewCGB7Is3H%2FB8VegqUJ79sUFanD6BmpEIQY65Xfy99f5WbPuapl6d3O9ZHmNS13L%2F0TLo7VEgn3daJxAFY9%2FW%2BFg%3D%3Dyorihil

Subject: We're going to be 3D printing transplantable human organs
Date: Mon, 20 Nov 2017 10:38:15 -0500
http://8xf.livinglifewithoutanet.com/ut3fliv6J%2FugAiA0ikwP29Kv7MMK2B2Q9eIbSvk0iE5T5W%2BZqtgsodQd5M8%2BZF1FfCpIjTNQzQ%2FarAjHjqPKs759X%2F0qg%3D%3Dingl3ani
http://ortn.livinglifewithoutanet.com/YEUYV8/liv6J%2FugAiA0ikwP29Kv7MMK2B2Q9eIbSvk0iE5T5W%2BZqtgsodQd5M8%2BZF1FfCpIjTNQzQ%2FarAjHjqPKs759X%2F0qg%3D%3Dingsn

Subject:  TD-LTE اینترنتی مناسب برای پرمصرف ها با سرعت بالا و قیمت ارزان 
Date: Mon, 20 Nov 2017 19:11:15 +0330
https://goo.gl/7N4LHE
http://188.213.72.37/EmailFiles/tdlte2.png
http://188.213.72.37/EmailFiles/up1.jpg
http://188.213.72.37/EmailFiles/tarh.png
http://188.213.72.37/EmailFiles/down12.png
http://simplehitcounter.com/hit.php?uid=3D2319123&f=3D16777215&=

Subject: Learn how we can print the human heart
Date: Mon, 20 Nov 2017 11:05:49 -0500
http://7b4.careerbuilderchallange.com/ultacarElhcE%2FT2PDAMQ%2FE2MUnk5y5EvHnGNGpqsR%2BTanFX4ErF1FGXq8xEUbOKsvDh7gUfWuQYoeKA6C06gLJGpwrdPg%3D%3Deern0r/
http://y6b.careerbuilderchallange.com/sg8carElhcE%2FT2PDAMQ%2FE2MUnk5y5EvHnGNGpqsR%2BTanFX4ErF1FGXq8xEUbOKsvDh7gUfWuQYoeKA6C06gLJGpwrdPg%3D%3Deer4tlan/

Subject: Your $50 Amazon Promotion Expires in 48 Hours
Date: Mon, 20 Nov 2017 11:16:18 -0500
http://jhsd.bnatstylex.com/90sa87dyuhasjdkia9s8http://jdsa.bnatstylex.com/j908sauydhsjadi87ytgh

Subject: Unique tactical stockings, FREE surprise gift!
Date: Mon, 20 Nov 2017 11:24:44 -0500
http://hd.jouetech.com/hduas0d78sayhttp://shad.jouetech.com/huid89sa76dtyasd
https://medium.com/@kozmagyrgy/i-was-asked-to-translate-a-draft-text-on-the-logic-of-messianism-by-a

Subject: (FIRST ATTEMPT) You're Selected! FREE Target Card.
Date: Mon, 20 Nov 2017 11:42:36 -0500
http://bbcr.mohbabylon.com/3894fc04hig843-u42gh04.nbi024.htm
http://uyt.mohbabylon.com/3uhf22332f0-2i04gj044-i4g02402mohijOxDo1ZCLJxgPDd%2B0OIzMbDTDFMHai96wc3xbJi3u8XHAR7cpG1T63UV2P36znEsFA1NcMuQeT9Bu19Xp75zw%3D%3Dbab4RORG.wrig4f33.html

Subject: Your pre-loaded CVS bucks are ready to unlock
Date: Mon, 20 Nov 2017 11:50:35 -0500
http://uasd.onynxcollection.com/4h2g42/giv042024_ij0gj42024/ngo2424.html
http://iuejm.onynxcollection.com/n42og234GNg444g0vf3e32-wrg0442j4/fp2fp42f.html
http://iuejm.onynxcollection.com/n42og234GNg444g0vf3e32-wrg0442j4/fp2fp42f.html/wdwdnfkwef3r9sdvdfwedfe.wdfgwef
http://ahbv.onynxcollection.com/42og4g-hi046j35_rwgonyd18wj2JkCXC4tJsMxuMT%2FF9AY8RVia%2BHMCpigmQ2bDfVU5xr4fJZdpoVRh4DoJe3px6PsdsUgtp7JSwCw2D64w%3D%3Dnxc43t4304t.html
https://www.reddit.com/r/news/comments/7bigxb/comment/dpik8zm

Subject: Stop their snoring tonight and save your marriage.
Date: Mon, 20 Nov 2017 12:08:05 -0500
https://www.ncbi.nlm.nih.gov/pmc/articles/PMC2184387/pdf/procrsmed00524-0021.pdf
http://dha.collegetowneproperties.com/hgjdaios90d8u
http://hjdasi.collegetowneproperties.com/hjiod90as8duyhasjd

Subject: USB wall charger that is really a spy camera
Date: Mon, 20 Nov 2017 12:14:23 -0500
http://jdias.havanadreamcigars.com/89fusdijfhttp://jdias.havanadreamcigars.com/89fusdijf
http://jdias.havanadreamcigars.com/89fusdijf
http://fbds.havanadreamcigars.com/bhus8dfyuhbn

Subject: First time ever all Shark Tank judges agree
Date: Mon, 20 Nov 2017 12:22:13 -0500
http://ifjdsifuds.abbreviatons.com/nsdif8usyhfsf8s
http://hdsf.abbreviatons.com/843u5ijsdhf89

Subject: Boost your brain power in 14 days?
Date: Mon, 20 Nov 2017 12:28:18 -0500
http://jwe.bigblackballz.com/jiuda87yuhjdsa
http://jd.bigblackballz.com/njid98sa7duyahs

Subject: Take your bonus.
Date: Mon, 20 Nov 2017 12:37:25 -0500
http://hjdas.precisionagritech.com/ud9as8d7yuasdhjas
http://dsau.precisionagritech.com/hu9das8dyuashd

Subject: Your hair is looking thin
Date: Mon, 20 Nov 2017 13:00:47 -0500
http://hsdu.historyoffirefighting.com/hduas7d6tyas
http://hrtc.historyoffirefighting.com/hus98ad7sayud

